<?xml version="1.0" encoding="UTF-8"?>
<testsuite xmlns:xsi="http://www.w3.org/2001/XMLSchema-instance" xsi:noNamespaceSchemaLocation="https://maven.apache.org/surefire/maven-surefire-plugin/xsd/surefire-test-report.xsd" version="3.0.1" name="com.example.AppTest" time="0.185" tests="22" errors="0" skipped="0" failures="0">
  <properties>
[...]
</properties>
  <testcase name="testDivideValuesDecimalNumbers" classname="com.example.AppTest" time="0.07"/>
  <testcase name="testAddValuesDecimalNumbers" classname="com.example.AppTest" time="0.002"/>
  <testcase name="testDivideValuesZeroByNumber" classname="com.example.AppTest" time="0.001"/>
  <testcase name="testMultiplyValuesZero" classname="com.example.AppTest" time="0.002"/>
  <testcase name="testAddValuesMixedNumbers" classname="com.example.AppTest" time="0.002"/>
  <testcase name="testDivideValuesMixedNumbers" classname="com.example.AppTest" time="0.001"/>
  <testcase name="testDivideValuesByZero" classname="com.example.AppTest" time="0.001"/>
  <testcase name="testSubtractValuesPositiveNumbers" classname="com.example.AppTest" time="0.001"/>
  <testcase name="testSubtractValuesNegativeNumbers" classname="com.example.AppTest" time="0.001"/>
  <testcase name="testDivideValuesPositiveNumbers" classname="com.example.AppTest" time="0.001"/>
  <testcase name="testAddValuesLargeNumbers" classname="com.example.AppTest" time="0.002"/>
  <testcase name="testDivideValuesNegativeNumbers" classname="com.example.AppTest" time="0.001"/>
  <testcase name="testMultiplyValuesDecimalNumbers" classname="com.example.AppTest" time="0.003"/>
  <testcase name="testSubtractValuesDecimalNumbers" classname="com.example.AppTest" time="0.001"/>
  <testcase name="testAddValuesZero" classname="com.example.AppTest" time="0.001"/>
  <testcase name="testAddValuesPositiveNumbers" classname="com.example.AppTest" time="0.001"/>
  <testcase name="testAddValuesNegativeNumbers" classname="com.example.AppTest" time="0.002"/>
  <testcase name="testSubtractValuesZero" classname="com.example.AppTest" time="0.001"/>
  <testcase name="testMultiplyValuesMixedNumbers" classname="com.example.AppTest" time="0.001"/>
  <testcase name="testSubtractValuesMixedNumbers" classname="com.example.AppTest" time="0.001"/>
  <testcase name="testMultiplyValuesPositiveNumbers" classname="com.example.AppTest" time="0.001"/>
  <testcase name="testMultiplyValuesNegativeNumbers" classname="com.example.AppTest" time="0.001"/>
</testsuite>